- Plan: 
    Node Type: "Aggregate"
    Strategy: "Sorted"
    Partial Mode: "Simple"
    Parallel Aware: false
    Startup Cost: 0.71
    Total Cost: 17223361.16
    Plan Rows: 2550
    Plan Width: 12
    Actual Startup Time: 20.083
    Actual Total Time: 18231.880
    Actual Rows: 1000
    Actual Loops: 1
    Group Key: 
      - "dim_time.d"
    Plans: 
      - Node Type: "Nested Loop"
        Parent Relationship: "Outer"
        Parallel Aware: false
        Join Type: "Left"
        Startup Cost: 0.71
        Total Cost: 15661001.65
        Plan Rows: 312466800
        Plan Width: 8
        Actual Startup Time: 0.049
        Actual Total Time: 17854.818
        Actual Rows: 1499708
        Actual Loops: 1
        Inner Unique: false
        Plans: 
          - Node Type: "Index Only Scan"
            Parent Relationship: "Outer"
            Parallel Aware: false
            Scan Direction: "Forward"
            Index Name: "dim_time_pk"
            Relation Name: "dim_time"
            Alias: "dim_time"
            Startup Cost: 0.28
            Total Cost: 71.53
            Plan Rows: 2550
            Plan Width: 4
            Actual Startup Time: 0.024
            Actual Total Time: 1.946
            Actual Rows: 1000
            Actual Loops: 1
            Heap Fetches: 1000
          - Node Type: "Index Scan"
            Parent Relationship: "Inner"
            Parallel Aware: false
            Scan Direction: "Forward"
            Index Name: "fact_charts_range_idx"
            Relation Name: "fact_charts"
            Alias: "fact_charts"
            Startup Cost: 0.43
            Total Cost: 4916.18
            Plan Rows: 122536
            Plan Width: 12
            Actual Startup Time: 15.557
            Actual Total Time: 17.188
            Actual Rows: 1500
            Actual Loops: 1000
            Index Cond: "((created_at <= dim_time.d) AND (dim_time.d < deleted_at))"
            Rows Removed by Index Recheck: 0
  Planning Time: 0.248
  Triggers: 
  Execution Time: 18232.546