- Plan: 
    Node Type: "Aggregate"
    Strategy: "Sorted"
    Partial Mode: "Simple"
    Parallel Aware: false
    Startup Cost: 0.71
    Total Cost: 17222933.16
    Plan Rows: 2550
    Plan Width: 12
    Actual Startup Time: 2.191
    Actual Total Time: 161184.266
    Actual Rows: 1000
    Actual Loops: 1
    Group Key: 
      - "dim_time.d"
    Plans: 
      - Node Type: "Nested Loop"
        Parent Relationship: "Outer"
        Parallel Aware: false
        Join Type: "Left"
        Startup Cost: 0.71
        Total Cost: 15660573.65
        Plan Rows: 312466800
        Plan Width: 8
        Actual Startup Time: 0.082
        Actual Total Time: 136378.796
        Actual Rows: 93823550
        Actual Loops: 1
        Inner Unique: false
        Plans: 
          - Node Type: "Index Only Scan"
            Parent Relationship: "Outer"
            Parallel Aware: false
            Scan Direction: "Forward"
            Index Name: "dim_time_pk"
            Relation Name: "dim_time"
            Alias: "dim_time"
            Startup Cost: 0.28
            Total Cost: 71.53
            Plan Rows: 2550
            Plan Width: 4
            Actual Startup Time: 0.045
            Actual Total Time: 2.534
            Actual Rows: 1000
            Actual Loops: 1
            Heap Fetches: 1000
          - Node Type: "Index Scan"
            Parent Relationship: "Inner"
            Parallel Aware: false
            Scan Direction: "Forward"
            Index Name: "fact_charts_range_idx"
            Relation Name: "fact_charts"
            Alias: "fact_charts"
            Startup Cost: 0.43
            Total Cost: 4916.01
            Plan Rows: 122536
            Plan Width: 12
            Actual Startup Time: 10.798
            Actual Total Time: 93.924
            Actual Rows: 93824
            Actual Loops: 1000
            Index Cond: "((created_at <= dim_time.d) AND (dim_time.d < deleted_at))"
            Rows Removed by Index Recheck: 0
  Planning Time: 5.694
  Triggers: 
  Execution Time: 161185.186